#
# There is insufficient memory for the Java Runtime Environment to continue.
# Native memory allocation (malloc) failed to allocate 794016 bytes for Chunk::new
# Possible reasons:
#   The system is out of physical RAM or swap space
#   In 32 bit mode, the process size limit was hit
# Possible solutions:
#   Reduce memory load on the system
#   Increase physical memory or swap space
#   Check if swap backing store is full
#   Use 64 bit Java on a 64 bit OS
#   Decrease Java heap size (-Xmx/-Xms)
#   Decrease number of Java threads
#   Decrease Java thread stack sizes (-Xss)
#   Set larger code cache with -XX:ReservedCodeCacheSize=
# This output file may be truncated or incomplete.
#
#  Out of Memory Error (allocation.cpp:390), pid=6992, tid=0x00000000000006ec
#
# JRE version: OpenJDK Runtime Environment (8.0_152-b01) (build 1.8.0_152-release-915-b01)
# Java VM: OpenJDK 64-Bit Server VM (25.152-b01 mixed mode windows-amd64 compressed oops)
# Failed to write core dump. Minidumps are not enabled by default on client versions of Windows
#

---------------  T H R E A D  ---------------

Current thread (0x00000000161bd000):  JavaThread "C2 CompilerThread1" daemon [_thread_in_native, id=1772, stack(0x0000000017910000,0x0000000017a10000)]

Stack: [0x0000000017910000,0x0000000017a10000]
[error occurred during error reporting (printing stack bounds), id 0xc0000005]

Native frames: (J=compiled Java code, j=interpreted, Vv=VM code, C=native code)


Current CompileTask:
C2:   4168 1416   !   4       java.net.URLClassLoader$1::run (63 bytes)


---------------  P R O C E S S  ---------------

Java Threads: ( => current thread )
  0x000000001b0fe800 JavaThread "Cache worker for file hash cache (D:\Project\AndroidArchitectureDemo\.gradle\4.1\fileHashes)" [_thread_blocked, id=8140, stack(0x000000001bff0000,0x000000001c0f0000)]
  0x000000001982d800 JavaThread "File lock request listener" [_thread_in_native, id=5336, stack(0x000000001ad20000,0x000000001ae20000)]
  0x00000000192fa000 JavaThread "Cache worker for file hash cache (C:\Users\RA283478\.gradle\caches\4.1\fileHashes)" [_thread_blocked, id=13920, stack(0x000000001ac20000,0x000000001ad20000)]
  0x00000000196bd800 JavaThread "Stdin handler" [_thread_blocked, id=13068, stack(0x000000001ab20000,0x000000001ac20000)]
  0x000000001926b800 JavaThread "Asynchronous log dispatcher for DefaultDaemonConnection: socket connection from /127.0.0.1:50010 to /127.0.0.1:50011" [_thread_blocked, id=1648, stack(0x000000001aa20000,0x000000001ab20000)]
  0x000000001926a800 JavaThread "Daemon worker" [_thread_in_native, id=8664, stack(0x000000001a920000,0x000000001aa20000)]
  0x00000000196af000 JavaThread "Cancel handler" [_thread_blocked, id=12520, stack(0x000000001a820000,0x000000001a920000)]
  0x00000000196d2000 JavaThread "Handler for socket connection from /127.0.0.1:50010 to /127.0.0.1:50011" [_thread_in_native, id=1700, stack(0x000000001a520000,0x000000001a620000)]
  0x00000000196cf000 JavaThread "Daemon" [_thread_blocked, id=13536, stack(0x000000001a420000,0x000000001a520000)]
  0x000000001898c000 JavaThread "Daemon periodic checks" [_thread_blocked, id=8852, stack(0x000000001a320000,0x000000001a420000)]
  0x0000000019144800 JavaThread "Incoming local TCP Connector on port 50010" [_thread_in_native, id=4100, stack(0x0000000019e20000,0x0000000019f20000)]
  0x0000000017b12800 JavaThread "Service Thread" daemon [_thread_blocked, id=14332, stack(0x0000000017f10000,0x0000000018010000)]
  0x000000001621d800 JavaThread "C1 CompilerThread2" daemon [_thread_blocked, id=12544, stack(0x0000000017a10000,0x0000000017b10000)]
=>0x00000000161bd000 JavaThread "C2 CompilerThread1" daemon [_thread_in_native, id=1772, stack(0x0000000017910000,0x0000000017a10000)]
  0x00000000161ba800 JavaThread "C2 CompilerThread0" daemon [_thread_in_native, id=13460, stack(0x0000000017810000,0x0000000017910000)]
  0x00000000161c7000 JavaThread "Attach Listener" daemon [_thread_blocked, id=8700, stack(0x0000000017710000,0x0000000017810000)]
  0x00000000161c6000 JavaThread "Signal Dispatcher" daemon [_thread_blocked, id=8620, stack(0x0000000017610000,0x0000000017710000)]
  0x000000000284d000 JavaThread "Finalizer" daemon [_thread_blocked, id=13852, stack(0x0000000017420000,0x0000000017520000)]
  0x0000000002842000 JavaThread "Reference Handler" daemon [_thread_blocked, id=9700, stack(0x0000000017320000,0x0000000017420000)]
  0x000000000254d800 JavaThread "main" [_thread_blocked, id=6900, stack(0x0000000002650000,0x0000000002750000)]

Other Threads:
  0x0000000016184000 VMThread [stack: 0x0000000017220000,0x0000000017320000] [id=4796]
  0x0000000017b14800 WatcherThread [stack: 0x0000000018010000,0x0000000018110000] [id=10412]

VM state:not at safepoint (normal execution)

VM Mutex/Monitor currently owned by a thread: None

Heap:
 PSYoungGen      total 38400K, used 7271K [0x00000000e0000000, 0x00000000e2a80000, 0x0000000100000000)
  eden space 33280K, 6% used [0x00000000e0000000,0x00000000e021b3c0,0x00000000e2080000)
  from space 5120K, 99% used [0x00000000e2080000,0x00000000e257e8c8,0x00000000e2580000)
  to   space 5120K, 0% used [0x00000000e2580000,0x00000000e2580000,0x00000000e2a80000)
 ParOldGen       total 87552K, used 3683K [0x00000000a0000000, 0x00000000a5580000, 0x00000000e0000000)
  object space 87552K, 4% used [0x00000000a0000000,0x00000000a0398ff0,0x00000000a5580000)
 Metaspace       used 15761K, capacity 16102K, committed 16256K, reserved 1062912K
  class space    used 2224K, capacity 2339K, committed 2432K, reserved 1048576K

Card table byte_map: [0x0000000011c10000,0x0000000011f20000] byte_map_base: 0x0000000011710000

Marking Bits: (ParMarkBitMap*) 0x0000000056be3950
 Begin Bits: [0x0000000012520000, 0x0000000013d20000)
 End Bits:   [0x0000000013d20000, 0x0000000015520000)

Polling page: 0x0000000002470000

CodeCache: size=245760Kb used=5038Kb max_used=5038Kb free=240721Kb
 bounds [0x0000000002850000, 0x0000000002d40000, 0x0000000011850000]
 total_blobs=1808 nmethods=1439 adapters=282
 compilation: enabled

Compilation events (10 events):
Event: 4.113 Thread 0x000000001621d800 1436       3       org.objectweb.asm.Frame::execute (2252 bytes)
Event: 4.121 Thread 0x000000001621d800 nmethod 1436 0x0000000002d2ebd0 code [0x0000000002d2f960, 0x0000000002d350b8]
Event: 4.121 Thread 0x000000001621d800 1440       3       org.objectweb.asm.Type::getArgumentsAndReturnSizes (151 bytes)
Event: 4.122 Thread 0x000000001621d800 nmethod 1440 0x0000000002d38550 code [0x0000000002d38780, 0x0000000002d39638]
Event: 4.122 Thread 0x000000001621d800 1437       3       org.objectweb.asm.ClassWriter::newUTF8 (70 bytes)
Event: 4.122 Thread 0x000000001621d800 nmethod 1437 0x0000000002d39c50 code [0x0000000002d39e20, 0x0000000002d3a278]
Event: 4.123 Thread 0x000000001621d800 1438       3       org.objectweb.asm.ByteVector::put12 (64 bytes)
Event: 4.123 Thread 0x000000001621d800 nmethod 1438 0x0000000002d3a490 code [0x0000000002d3a600, 0x0000000002d3a888]
Event: 4.123 Thread 0x000000001621d800 1439       3       org.objectweb.asm.Frame::push (110 bytes)
Event: 4.123 Thread 0x000000001621d800 nmethod 1439 0x0000000002d3aa10 code [0x0000000002d3aba0, 0x0000000002d3b058]

GC Heap History (6 events):
Event: 1.199 GC heap before
{Heap before GC invocations=1 (full 0):
 PSYoungGen      total 38400K, used 33085K [0x00000000e0000000, 0x00000000e2a80000, 0x0000000100000000)
  eden space 33280K, 99% used [0x00000000e0000000,0x00000000e204f518,0x00000000e2080000)
  from space 5120K, 0% used [0x00000000e2580000,0x00000000e2580000,0x00000000e2a80000)
  to   space 5120K, 0% used [0x00000000e2080000,0x00000000e2080000,0x00000000e2580000)
 ParOldGen       total 87552K, used 0K [0x00000000a0000000, 0x00000000a5580000, 0x00000000e0000000)
  object space 87552K, 0% used [0x00000000a0000000,0x00000000a0000000,0x00000000a5580000)
 Metaspace       used 6575K, capacity 6766K, committed 7040K, reserved 1056768K
  class space    used 798K, capacity 875K, committed 896K, reserved 1048576K
Event: 1.204 GC heap after
Heap after GC invocations=1 (full 0):
 PSYoungGen      total 38400K, used 4218K [0x00000000e0000000, 0x00000000e2a80000, 0x0000000100000000)
  eden space 33280K, 0% used [0x00000000e0000000,0x00000000e0000000,0x00000000e2080000)
  from space 5120K, 82% used [0x00000000e2080000,0x00000000e249e9b8,0x00000000e2580000)
  to   space 5120K, 0% used [0x00000000e2580000,0x00000000e2580000,0x00000000e2a80000)
 ParOldGen       total 87552K, used 8K [0x00000000a0000000, 0x00000000a5580000, 0x00000000e0000000)
  object space 87552K, 0% used [0x00000000a0000000,0x00000000a0002000,0x00000000a5580000)
 Metaspace       used 6575K, capacity 6766K, committed 7040K, reserved 1056768K
  class space    used 798K, capacity 875K, committed 896K, reserved 1048576K
}
Event: 3.437 GC heap before
{Heap before GC invocations=2 (full 0):
 PSYoungGen      total 38400K, used 37498K [0x00000000e0000000, 0x00000000e2a80000, 0x0000000100000000)
  eden space 33280K, 100% used [0x00000000e0000000,0x00000000e2080000,0x00000000e2080000)
  from space 5120K, 82% used [0x00000000e2080000,0x00000000e249e9b8,0x00000000e2580000)
  to   space 5120K, 0% used [0x00000000e2580000,0x00000000e2580000,0x00000000e2a80000)
 ParOldGen       total 87552K, used 8K [0x00000000a0000000, 0x00000000a5580000, 0x00000000e0000000)
  object space 87552K, 0% used [0x00000000a0000000,0x00000000a0002000,0x00000000a5580000)
 Metaspace       used 12155K, capacity 12514K, committed 12800K, reserved 1060864K
  class space    used 1625K, capacity 1761K, committed 1792K, reserved 1048576K
Event: 3.445 GC heap after
Heap after GC invocations=2 (full 0):
 PSYoungGen      total 38400K, used 5105K [0x00000000e0000000, 0x00000000e2a80000, 0x0000000100000000)
  eden space 33280K, 0% used [0x00000000e0000000,0x00000000e0000000,0x00000000e2080000)
  from space 5120K, 99% used [0x00000000e2580000,0x00000000e2a7c588,0x00000000e2a80000)
  to   space 5120K, 0% used [0x00000000e2080000,0x00000000e2080000,0x00000000e2580000)
 ParOldGen       total 87552K, used 792K [0x00000000a0000000, 0x00000000a5580000, 0x00000000e0000000)
  object space 87552K, 0% used [0x00000000a0000000,0x00000000a00c60c8,0x00000000a5580000)
 Metaspace       used 12155K, capacity 12514K, committed 12800K, reserved 1060864K
  class space    used 1625K, capacity 1761K, committed 1792K, reserved 1048576K
}
Event: 4.083 GC heap before
{Heap before GC invocations=3 (full 0):
 PSYoungGen      total 38400K, used 38385K [0x00000000e0000000, 0x00000000e2a80000, 0x0000000100000000)
  eden space 33280K, 100% used [0x00000000e0000000,0x00000000e2080000,0x00000000e2080000)
  from space 5120K, 99% used [0x00000000e2580000,0x00000000e2a7c588,0x00000000e2a80000)
  to   space 5120K, 0% used [0x00000000e2080000,0x00000000e2080000,0x00000000e2580000)
 ParOldGen       total 87552K, used 792K [0x00000000a0000000, 0x00000000a5580000, 0x00000000e0000000)
  object space 87552K, 0% used [0x00000000a0000000,0x00000000a00c60c8,0x00000000a5580000)
 Metaspace       used 15589K, capacity 15942K, committed 16256K, reserved 1062912K
  class space    used 2198K, capacity 2307K, committed 2432K, reserved 1048576K
Event: 4.094 GC heap after
Heap after GC invocations=3 (full 0):
 PSYoungGen      total 38400K, used 5114K [0x00000000e0000000, 0x00000000e2a80000, 0x0000000100000000)
  eden space 33280K, 0% used [0x00000000e0000000,0x00000000e0000000,0x00000000e2080000)
  from space 5120K, 99% used [0x00000000e2080000,0x00000000e257e8c8,0x00000000e2580000)
  to   space 5120K, 0% used [0x00000000e2580000,0x00000000e2580000,0x00000000e2a80000)
 ParOldGen       total 87552K, used 3683K [0x00000000a0000000, 0x00000000a5580000, 0x00000000e0000000)
  object space 87552K, 4% used [0x00000000a0000000,0x00000000a0398ff0,0x00000000a5580000)
 Metaspace       used 15589K, capacity 15942K, committed 16256K, reserved 1062912K
  class space    used 2198K, capacity 2307K, committed 2432K, reserved 1048576K
}

Deoptimization events (10 events):
Event: 1.526 Thread 0x000000000254d800 Uncommon trap: reason=bimorphic action=maybe_recompile pc=0x0000000002ac97d0 method=java.util.HashMap.putVal(ILjava/lang/Object;Ljava/lang/Object;ZZ)Ljava/lang/Object; @ 91
Event: 1.526 Thread 0x000000000254d800 Uncommon trap: reason=bimorphic action=maybe_recompile pc=0x0000000002ac97d0 method=java.util.HashMap.putVal(ILjava/lang/Object;Ljava/lang/Object;ZZ)Ljava/lang/Object; @ 91
Event: 1.746 Thread 0x000000000254d800 Uncommon trap: reason=bimorphic action=maybe_recompile pc=0x0000000002b66ff4 method=java.util.HashMap.putVal(ILjava/lang/Object;Ljava/lang/Object;ZZ)Ljava/lang/Object; @ 203
Event: 2.132 Thread 0x000000000254d800 Uncommon trap: reason=unstable_if action=reinterpret pc=0x0000000002b7f440 method=java.io.WinNTFileSystem.normalize(Ljava/lang/String;)Ljava/lang/String; @ 128
Event: 2.132 Thread 0x000000000254d800 Uncommon trap: reason=unstable_if action=reinterpret pc=0x0000000002b2f5d8 method=java.io.WinNTFileSystem.normalize(Ljava/lang/String;II)Ljava/lang/String; @ 90
Event: 3.342 Thread 0x000000001926a800 Uncommon trap: reason=bimorphic action=maybe_recompile pc=0x0000000002b66954 method=java.util.HashMap.putVal(ILjava/lang/Object;Ljava/lang/Object;ZZ)Ljava/lang/Object; @ 253
Event: 3.342 Thread 0x000000001926a800 Uncommon trap: reason=bimorphic action=maybe_recompile pc=0x0000000002b66954 method=java.util.HashMap.putVal(ILjava/lang/Object;Ljava/lang/Object;ZZ)Ljava/lang/Object; @ 253
Event: 3.670 Thread 0x000000001926a800 Uncommon trap: reason=class_check action=maybe_recompile pc=0x0000000002aa7f1c method=java.util.regex.Matcher.match(II)Z @ 86
Event: 3.671 Thread 0x000000001926a800 Uncommon trap: reason=class_check action=maybe_recompile pc=0x0000000002aa7f1c method=java.util.regex.Matcher.match(II)Z @ 86
Event: 3.747 Thread 0x000000001926a800 Uncommon trap: reason=unstable_if action=reinterpret pc=0x0000000002cc8034 method=java.lang.String.lastIndexOf([CII[CIII)I @ 66

Classes redefined (0 events):
No events

Internal exceptions (10 events):
Event: 3.269 Thread 0x00000000196d2000 Exception <a 'java/lang/NoSuchMethodError': <clinit>> (0x00000000e1aca920) thrown at [D:\src\AOSP-openjdk-cygwin\jdk8u\hotspot\src\share\vm\prims\jni.cpp, line 1613]
Event: 3.274 Thread 0x00000000196d2000 Exception <a 'java/lang/NoSuchMethodError': <clinit>> (0x00000000e1af4d08) thrown at [D:\src\AOSP-openjdk-cygwin\jdk8u\hotspot\src\share\vm\prims\jni.cpp, line 1613]
Event: 3.275 Thread 0x00000000196d2000 Exception <a 'java/lang/NoSuchMethodError': <clinit>> (0x00000000e1afe360) thrown at [D:\src\AOSP-openjdk-cygwin\jdk8u\hotspot\src\share\vm\prims\jni.cpp, line 1613]
Event: 3.276 Thread 0x00000000196d2000 Exception <a 'java/lang/NoSuchMethodError': <clinit>> (0x00000000e1b089a0) thrown at [D:\src\AOSP-openjdk-cygwin\jdk8u\hotspot\src\share\vm\prims\jni.cpp, line 1613]
Event: 3.289 Thread 0x00000000196d2000 Exception <a 'java/lang/NoSuchMethodError': <clinit>> (0x00000000e1b83348) thrown at [D:\src\AOSP-openjdk-cygwin\jdk8u\hotspot\src\share\vm\prims\jni.cpp, line 1613]
Event: 3.296 Thread 0x00000000196d2000 Exception <a 'java/lang/NoSuchMethodError': <clinit>> (0x00000000e1bb6820) thrown at [D:\src\AOSP-openjdk-cygwin\jdk8u\hotspot\src\share\vm\prims\jni.cpp, line 1613]
Event: 3.298 Thread 0x00000000196d2000 Exception <a 'java/lang/NoSuchMethodError': <clinit>> (0x00000000e1bc6648) thrown at [D:\src\AOSP-openjdk-cygwin\jdk8u\hotspot\src\share\vm\prims\jni.cpp, line 1613]
Event: 3.301 Thread 0x00000000196d2000 Exception <a 'java/lang/NoSuchMethodError': <clinit>> (0x00000000e1be8028) thrown at [D:\src\AOSP-openjdk-cygwin\jdk8u\hotspot\src\share\vm\prims\jni.cpp, line 1613]
Event: 3.328 Thread 0x000000001926a800 Exception <a 'java/lang/NoSuchMethodError': <clinit>> (0x00000000e1cdd970) thrown at [D:\src\AOSP-openjdk-cygwin\jdk8u\hotspot\src\share\vm\prims\jni.cpp, line 1613]
Event: 3.329 Thread 0x000000001926a800 Exception <a 'java/lang/NoSuchMethodError': <clinit>> (0x00000000e1ce5bf8) thrown at [D:\src\AOSP-openjdk-cygwin\jdk8u\hotspot\src\share\vm\prims\jni.cpp, line 1613]

Events (10 events):
Event: 4.145 loading class org/gradle/api/internal/tasks/TaskExecuter
Event: 4.145 loading class org/gradle/api/internal/tasks/TaskExecuter done
Event: 4.145 loading class org/gradle/api/internal/tasks/execution/ExecuteActionsTaskExecuter
Event: 4.145 loading class org/gradle/api/internal/tasks/execution/ExecuteActionsTaskExecuter done
Event: 4.145 loading class org/gradle/api/internal/tasks/execution/VerifyNoInputChangesTaskExecuter
Event: 4.145 loading class org/gradle/api/internal/tasks/execution/VerifyNoInputChangesTaskExecuter done
Event: 4.146 loading class org/gradle/api/internal/tasks/execution/ResolveTaskOutputCachingStateExecuter
Event: 4.146 loading class org/gradle/api/internal/tasks/execution/ResolveTaskOutputCachingStateExecuter done
Event: 4.146 loading class org/gradle/api/internal/tasks/execution/ResolveBuildCacheKeyExecuter
Event: 4.146 loading class org/gradle/api/internal/tasks/execution/ResolveBuildCacheKeyExecuter done


Dynamic libraries:
0x00007ff6cc3a0000 - 0x00007ff6cc3d1000 	D:\TOOLS\android-studio-ide-171.4443003-windows\android-studio\jre\bin\java.exe
0x00007ff8033c0000 - 0x00007ff803592000 	C:\windows\SYSTEM32\ntdll.dll
0x00007ff802eb0000 - 0x00007ff802f5c000 	C:\windows\System32\KERNEL32.DLL
0x00007fffffb90000 - 0x00007fffffdad000 	C:\windows\System32\KERNELBASE.dll
0x00007ff802b70000 - 0x00007ff802c12000 	C:\windows\System32\ADVAPI32.dll
0x00007ff800d80000 - 0x00007ff800e1e000 	C:\windows\System32\msvcrt.dll
0x00007ff802750000 - 0x00007ff8027a9000 	C:\windows\System32\sechost.dll
0x00007ff802c90000 - 0x00007ff802db1000 	C:\windows\System32\RPCRT4.dll
0x00007ff8010d0000 - 0x00007ff801235000 	C:\windows\System32\USER32.dll
0x00007ff800080000 - 0x00007ff80009e000 	C:\windows\System32\win32u.dll
0x00007ff8032c0000 - 0x00007ff8032f4000 	C:\windows\System32\GDI32.dll
0x00007fffffe60000 - 0x00007ffffffe0000 	C:\windows\System32\gdi32full.dll
0x00007ffff3b90000 - 0x00007ffff3e0a000 	C:\windows\WinSxS\amd64_microsoft.windows.common-controls_6595b64144ccf1df_6.0.14393.953_none_42151e83c686086b\COMCTL32.dll
0x00007ff802f70000 - 0x00007ff803238000 	C:\windows\System32\combase.dll
0x00007fffff880000 - 0x00007fffff975000 	C:\windows\System32\ucrtbase.dll
0x00007fffffa30000 - 0x00007fffffa9a000 	C:\windows\System32\bcryptPrimitives.dll
0x00007ff802e20000 - 0x00007ff802e4e000 	C:\windows\System32\IMM32.DLL
0x00007fffb9230000 - 0x00007fffb92d7000 	C:\Program Files\McAfee\Host Intrusion Prevention\HcApi.dll
0x00000000581e0000 - 0x00000000581ec000 	C:\Program Files\McAfee\Host Intrusion Prevention\HcThe.dll
0x0000000056ed0000 - 0x0000000056fa2000 	D:\TOOLS\android-studio-ide-171.4443003-windows\android-studio\jre\jre\bin\msvcr100.dll
0x0000000056420000 - 0x0000000056c5e000 	D:\TOOLS\android-studio-ide-171.4443003-windows\android-studio\jre\jre\bin\server\jvm.dll
0x00007ff803240000 - 0x00007ff803248000 	C:\windows\System32\PSAPI.DLL
0x00007fffef780000 - 0x00007fffef789000 	C:\windows\SYSTEM32\WSOCK32.dll
0x00007ffffd6d0000 - 0x00007ffffd6f3000 	C:\windows\SYSTEM32\WINMM.dll
0x00007fffef790000 - 0x00007fffef79a000 	C:\windows\SYSTEM32\VERSION.dll
0x00007ff803250000 - 0x00007ff8032ba000 	C:\windows\System32\WS2_32.dll
0x00007ffffd6a0000 - 0x00007ffffd6cb000 	C:\windows\SYSTEM32\WINMMBASE.dll
0x00007fffffaa0000 - 0x00007fffffae2000 	C:\windows\System32\cfgmgr32.dll
0x00007ffff64b0000 - 0x00007ffff64bf000 	D:\TOOLS\android-studio-ide-171.4443003-windows\android-studio\jre\jre\bin\verify.dll
0x00007ffff3ff0000 - 0x00007ffff4019000 	D:\TOOLS\android-studio-ide-171.4443003-windows\android-studio\jre\jre\bin\java.dll
0x00007ffff40e0000 - 0x00007ffff40f6000 	D:\TOOLS\android-studio-ide-171.4443003-windows\android-studio\jre\jre\bin\zip.dll
0x00007ff801240000 - 0x00007ff802749000 	C:\windows\System32\SHELL32.dll
0x00007ff8000a0000 - 0x00007ff800779000 	C:\windows\System32\windows.storage.dll
0x00007fffff830000 - 0x00007fffff87c000 	C:\windows\System32\powrprof.dll
0x00007ff802e50000 - 0x00007ff802ea2000 	C:\windows\System32\shlwapi.dll
0x00007ff800010000 - 0x00007ff80001f000 	C:\windows\System32\kernel.appcore.dll
0x00007fffff980000 - 0x00007fffffa29000 	C:\windows\System32\shcore.dll
0x00007fffff810000 - 0x00007fffff824000 	C:\windows\System32\profapi.dll
0x00007ffff3fd0000 - 0x00007ffff3fea000 	D:\TOOLS\android-studio-ide-171.4443003-windows\android-studio\jre\jre\bin\net.dll
0x00007fffff0e0000 - 0x00007fffff13c000 	C:\windows\system32\mswsock.dll
0x00007ffff3fb0000 - 0x00007ffff3fc1000 	D:\TOOLS\android-studio-ide-171.4443003-windows\android-studio\jre\jre\bin\nio.dll
0x00007ffff4db0000 - 0x00007ffff4dce000 	C:\Users\RA283478\.gradle\native\25\windows-amd64\native-platform.dll
0x00007ffffce30000 - 0x00007ffffce3d000 	D:\TOOLS\android-studio-ide-171.4443003-windows\android-studio\jre\jre\bin\management.dll
0x00007fffff280000 - 0x00007fffff297000 	C:\windows\SYSTEM32\CRYPTSP.dll
0x00007ffffe9c0000 - 0x00007ffffe9f3000 	C:\windows\system32\rsaenh.dll
0x00007fffff750000 - 0x00007fffff77b000 	C:\windows\SYSTEM32\bcrypt.dll
0x00007ffffef60000 - 0x00007ffffef7f000 	C:\windows\SYSTEM32\USERENV.dll
0x00007fffff2a0000 - 0x00007fffff2ab000 	C:\windows\SYSTEM32\CRYPTBASE.dll
0x00007ffffee60000 - 0x00007ffffee98000 	C:\windows\SYSTEM32\IPHLPAPI.DLL
0x00007ff802c80000 - 0x00007ff802c88000 	C:\windows\System32\NSI.dll
0x00007ffff8ed0000 - 0x00007ffff8ee6000 	C:\windows\SYSTEM32\dhcpcsvc6.DLL
0x00007ffff8eb0000 - 0x00007ffff8eca000 	C:\windows\SYSTEM32\dhcpcsvc.DLL

VM Arguments:
jvm_args: -Xmx1536m -Dfile.encoding=windows-1252 -Duser.country=US -Duser.language=en -Duser.variant 
java_command: org.gradle.launcher.daemon.bootstrap.GradleDaemon 4.1
java_class_path (initial): C:\Users\RA283478\.gradle\wrapper\dists\gradle-4.1-all\bzyivzo6n839fup2jbap0tjew\gradle-4.1\lib\gradle-launcher-4.1.jar
Launcher Type: SUN_STANDARD

Environment Variables:
PATH=C:\ProgramData\Oracle\Java\javapath;C:\windows\system32;C:\windows;C:\windows\System32\Wbem;C:\windows\System32\WindowsPowerShell\v1.0\;C:\Program Files\nodejs\;C:\Program Files\TortoiseSVN\bin;C:\Program Files\Git\cmd;C:\Users\RA283478\AppData\Local\Microsoft\WindowsApps;
USERNAME=RA283478
OS=Windows_NT
PROCESSOR_IDENTIFIER=Intel64 Family 6 Model 78 Stepping 3, GenuineIntel



---------------  S Y S T E M  ---------------

OS: Windows 10.0 , 64 bit Build 14393 (10.0.14393.1198)

CPU:total 4 (initial active 4) (2 cores per cpu, 2 threads per core) family 6 model 78 stepping 3, cmov, cx8, fxsr, mmx, sse, sse2, sse3, ssse3, sse4.1, sse4.2, popcnt, avx, avx2, aes, clmul, erms, 3dnowpref, lzcnt, ht, tsc, tscinvbit, bmi1, bmi2, adx

Memory: 4k page, physical 8282704k(1252240k free), swap 24026700k(5196k free)

vm_info: OpenJDK 64-Bit Server VM (25.152-b01) for windows-amd64 JRE (1.8.0_152-release-915-b01), built by "builder" with MS VC++ 10.0 (VS2010)

time: Wed Feb 07 13:19:13 2018
elapsed time: 4 seconds (0d 0h 0m 4s)

