#
# There is insufficient memory for the Java Runtime Environment to continue.
# Native memory allocation (malloc) failed to allocate 32744 bytes for ChunkPool::allocate
# Possible reasons:
#   The system is out of physical RAM or swap space
#   In 32 bit mode, the process size limit was hit
# Possible solutions:
#   Reduce memory load on the system
#   Increase physical memory or swap space
#   Check if swap backing store is full
#   Use 64 bit Java on a 64 bit OS
#   Decrease Java heap size (-Xmx/-Xms)
#   Decrease number of Java threads
#   Decrease Java thread stack sizes (-Xss)
#   Set larger code cache with -XX:ReservedCodeCacheSize=
# This output file may be truncated or incomplete.
#
#  Out of Memory Error (allocation.cpp:273), pid=13860, tid=0x0000000000003558
#
# JRE version: OpenJDK Runtime Environment (8.0_152-b01) (build 1.8.0_152-release-915-b01)
# Java VM: OpenJDK 64-Bit Server VM (25.152-b01 mixed mode windows-amd64 compressed oops)
# Failed to write core dump. Minidumps are not enabled by default on client versions of Windows
#

---------------  T H R E A D  ---------------

Current thread (0x000000001697a800):  JavaThread "C2 CompilerThread0" daemon [_thread_in_native, id=13656, stack(0x0000000017fd0000,0x00000000180d0000)]

Stack: [0x0000000017fd0000,0x00000000180d0000]
[error occurred during error reporting (printing stack bounds), id 0xc0000005]

Native frames: (J=compiled Java code, j=interpreted, Vv=VM code, C=native code)


Current CompileTask:
C2:   5909 1301       4       java.net.URLClassLoader$1::run (5 bytes)


---------------  P R O C E S S  ---------------

Java Threads: ( => current thread )
  0x0000000019b74800 JavaThread "Cache worker for file hash cache (D:\Project\AndroidArchitectureDemo\.gradle\4.1\fileHashes)" [_thread_blocked, id=11764, stack(0x000000001d780000,0x000000001d880000)]
  0x00000000197a2800 JavaThread "File lock request listener" [_thread_in_native, id=12644, stack(0x000000001b4e0000,0x000000001b5e0000)]
  0x00000000197a1800 JavaThread "Cache worker for file hash cache (C:\Users\RA283478\.gradle\caches\4.1\fileHashes)" [_thread_blocked, id=10280, stack(0x000000001b3e0000,0x000000001b4e0000)]
  0x00000000196e4000 JavaThread "Stdin handler" [_thread_blocked, id=11824, stack(0x000000001b2e0000,0x000000001b3e0000)]
  0x00000000196e1000 JavaThread "Asynchronous log dispatcher for DefaultDaemonConnection: socket connection from /127.0.0.1:49992 to /127.0.0.1:49993" [_thread_blocked, id=8788, stack(0x000000001b1e0000,0x000000001b2e0000)]
  0x00000000196f7000 JavaThread "Daemon worker" [_thread_in_vm, id=3548, stack(0x000000001b0e0000,0x000000001b1e0000)]
  0x00000000196e9000 JavaThread "Cancel handler" [_thread_blocked, id=14048, stack(0x000000001afe0000,0x000000001b0e0000)]
  0x00000000196ab800 JavaThread "Handler for socket connection from /127.0.0.1:49992 to /127.0.0.1:49993" [_thread_in_native, id=13760, stack(0x000000001ace0000,0x000000001ade0000)]
  0x00000000196ab000 JavaThread "Daemon" [_thread_blocked, id=8600, stack(0x000000001abe0000,0x000000001ace0000)]
  0x0000000019682800 JavaThread "Daemon periodic checks" [_thread_blocked, id=7280, stack(0x000000001aae0000,0x000000001abe0000)]
  0x000000001967b000 JavaThread "Incoming local TCP Connector on port 49992" [_thread_in_native, id=13500, stack(0x000000001a5e0000,0x000000001a6e0000)]
  0x00000000182f0800 JavaThread "Service Thread" daemon [_thread_blocked, id=11856, stack(0x00000000186d0000,0x00000000187d0000)]
  0x00000000169aa000 JavaThread "C1 CompilerThread2" daemon [_thread_blocked, id=5200, stack(0x00000000181d0000,0x00000000182d0000)]
  0x000000001697d000 JavaThread "C2 CompilerThread1" daemon [_thread_in_native, id=13832, stack(0x00000000180d0000,0x00000000181d0000)]
=>0x000000001697a800 JavaThread "C2 CompilerThread0" daemon [_thread_in_native, id=13656, stack(0x0000000017fd0000,0x00000000180d0000)]
  0x0000000016987000 JavaThread "Attach Listener" daemon [_thread_blocked, id=6912, stack(0x0000000017ed0000,0x0000000017fd0000)]
  0x0000000016986000 JavaThread "Signal Dispatcher" daemon [_thread_blocked, id=3460, stack(0x0000000017dd0000,0x0000000017ed0000)]
  0x0000000016967800 JavaThread "Finalizer" daemon [_thread_blocked, id=11044, stack(0x0000000017be0000,0x0000000017ce0000)]
  0x0000000003002000 JavaThread "Reference Handler" daemon [_thread_blocked, id=12192, stack(0x0000000017ae0000,0x0000000017be0000)]
  0x0000000002cad800 JavaThread "main" [_thread_blocked, id=5632, stack(0x0000000002e10000,0x0000000002f10000)]

Other Threads:
  0x0000000016944000 VMThread [stack: 0x00000000179e0000,0x0000000017ae0000] [id=6820]
  0x00000000169db800 WatcherThread [stack: 0x00000000187d0000,0x00000000188d0000] [id=12088]

VM state:not at safepoint (normal execution)

VM Mutex/Monitor currently owned by a thread: None

Heap:
 PSYoungGen      total 38400K, used 36363K [0x00000000e0000000, 0x00000000e2a80000, 0x0000000100000000)
  eden space 33280K, 93% used [0x00000000e0000000,0x00000000e1e845d0,0x00000000e2080000)
  from space 5120K, 99% used [0x00000000e2580000,0x00000000e2a7e768,0x00000000e2a80000)
  to   space 5120K, 0% used [0x00000000e2080000,0x00000000e2080000,0x00000000e2580000)
 ParOldGen       total 87552K, used 775K [0x00000000a0000000, 0x00000000a5580000, 0x00000000e0000000)
  object space 87552K, 0% used [0x00000000a0000000,0x00000000a00c1c58,0x00000000a5580000)
 Metaspace       used 15231K, capacity 15526K, committed 15616K, reserved 1062912K
  class space    used 2152K, capacity 2275K, committed 2304K, reserved 1048576K

Card table byte_map: [0x00000000123d0000,0x00000000126e0000] byte_map_base: 0x0000000011ed0000

Marking Bits: (ParMarkBitMap*) 0x0000000056be3950
 Begin Bits: [0x0000000012ce0000, 0x00000000144e0000)
 End Bits:   [0x00000000144e0000, 0x0000000015ce0000)

Polling page: 0x0000000001510000

CodeCache: size=245760Kb used=4831Kb max_used=4831Kb free=240928Kb
 bounds [0x0000000003010000, 0x00000000034d0000, 0x0000000012010000]
 total_blobs=1768 nmethods=1399 adapters=282
 compilation: enabled

Compilation events (10 events):
Event: 5.770 Thread 0x00000000169aa000 1403       3       sun.misc.ProxyGenerator::access$700 (7 bytes)
Event: 5.770 Thread 0x00000000169aa000 nmethod 1403 0x00000000034c8550 code [0x00000000034c86c0, 0x00000000034c88a8]
Event: 5.770 Thread 0x00000000169aa000 1404       3       java.io.ByteArrayOutputStream::<init> (43 bytes)
Event: 5.771 Thread 0x00000000169aa000 nmethod 1404 0x00000000034c89d0 code [0x00000000034c8bc0, 0x00000000034c9538]
Event: 5.771 Thread 0x00000000169aa000 1405       3       java.io.ByteArrayOutputStream::<init> (7 bytes)
Event: 5.771 Thread 0x00000000169aa000 nmethod 1405 0x00000000034c9950 code [0x00000000034c9ac0, 0x00000000034c9c48]
Event: 5.784 Thread 0x00000000169aa000 1406       1       java.security.Permission::getName (5 bytes)
Event: 5.785 Thread 0x00000000169aa000 nmethod 1406 0x00000000034c9cd0 code [0x00000000034c9e20, 0x00000000034c9f30]
Event: 5.833 Thread 0x00000000169aa000 1407       3       java.util.regex.Pattern$Start::match (90 bytes)
Event: 5.833 Thread 0x00000000169aa000 nmethod 1407 0x00000000034c9f90 code [0x00000000034ca120, 0x00000000034ca528]

GC Heap History (4 events):
Event: 2.519 GC heap before
{Heap before GC invocations=1 (full 0):
 PSYoungGen      total 38400K, used 33085K [0x00000000e0000000, 0x00000000e2a80000, 0x0000000100000000)
  eden space 33280K, 99% used [0x00000000e0000000,0x00000000e204f428,0x00000000e2080000)
  from space 5120K, 0% used [0x00000000e2580000,0x00000000e2580000,0x00000000e2a80000)
  to   space 5120K, 0% used [0x00000000e2080000,0x00000000e2080000,0x00000000e2580000)
 ParOldGen       total 87552K, used 0K [0x00000000a0000000, 0x00000000a5580000, 0x00000000e0000000)
  object space 87552K, 0% used [0x00000000a0000000,0x00000000a0000000,0x00000000a5580000)
 Metaspace       used 6569K, capacity 6766K, committed 7040K, reserved 1056768K
  class space    used 798K, capacity 875K, committed 896K, reserved 1048576K
Event: 2.524 GC heap after
Heap after GC invocations=1 (full 0):
 PSYoungGen      total 38400K, used 4244K [0x00000000e0000000, 0x00000000e2a80000, 0x0000000100000000)
  eden space 33280K, 0% used [0x00000000e0000000,0x00000000e0000000,0x00000000e2080000)
  from space 5120K, 82% used [0x00000000e2080000,0x00000000e24a5190,0x00000000e2580000)
  to   space 5120K, 0% used [0x00000000e2580000,0x00000000e2580000,0x00000000e2a80000)
 ParOldGen       total 87552K, used 8K [0x00000000a0000000, 0x00000000a5580000, 0x00000000e0000000)
  object space 87552K, 0% used [0x00000000a0000000,0x00000000a0002000,0x00000000a5580000)
 Metaspace       used 6569K, capacity 6766K, committed 7040K, reserved 1056768K
  class space    used 798K, capacity 875K, committed 896K, reserved 1048576K
}
Event: 5.002 GC heap before
{Heap before GC invocations=2 (full 0):
 PSYoungGen      total 38400K, used 37524K [0x00000000e0000000, 0x00000000e2a80000, 0x0000000100000000)
  eden space 33280K, 100% used [0x00000000e0000000,0x00000000e2080000,0x00000000e2080000)
  from space 5120K, 82% used [0x00000000e2080000,0x00000000e24a5190,0x00000000e2580000)
  to   space 5120K, 0% used [0x00000000e2580000,0x00000000e2580000,0x00000000e2a80000)
 ParOldGen       total 87552K, used 8K [0x00000000a0000000, 0x00000000a5580000, 0x00000000e0000000)
  object space 87552K, 0% used [0x00000000a0000000,0x00000000a0002000,0x00000000a5580000)
 Metaspace       used 12135K, capacity 12514K, committed 12800K, reserved 1060864K
  class space    used 1625K, capacity 1761K, committed 1792K, reserved 1048576K
Event: 5.011 GC heap after
Heap after GC invocations=2 (full 0):
 PSYoungGen      total 38400K, used 5113K [0x00000000e0000000, 0x00000000e2a80000, 0x0000000100000000)
  eden space 33280K, 0% used [0x00000000e0000000,0x00000000e0000000,0x00000000e2080000)
  from space 5120K, 99% used [0x00000000e2580000,0x00000000e2a7e768,0x00000000e2a80000)
  to   space 5120K, 0% used [0x00000000e2080000,0x00000000e2080000,0x00000000e2580000)
 ParOldGen       total 87552K, used 775K [0x00000000a0000000, 0x00000000a5580000, 0x00000000e0000000)
  object space 87552K, 0% used [0x00000000a0000000,0x00000000a00c1c58,0x00000000a5580000)
 Metaspace       used 12135K, capacity 12514K, committed 12800K, reserved 1060864K
  class space    used 1625K, capacity 1761K, committed 1792K, reserved 1048576K
}

Deoptimization events (10 events):
Event: 2.927 Thread 0x0000000002cad800 Uncommon trap: reason=bimorphic action=maybe_recompile pc=0x000000000327e150 method=java.util.HashMap.putVal(ILjava/lang/Object;Ljava/lang/Object;ZZ)Ljava/lang/Object; @ 91
Event: 3.273 Thread 0x0000000002cad800 Uncommon trap: reason=bimorphic action=maybe_recompile pc=0x00000000033265d8 method=java.util.HashMap.putVal(ILjava/lang/Object;Ljava/lang/Object;ZZ)Ljava/lang/Object; @ 203
Event: 3.711 Thread 0x0000000002cad800 Uncommon trap: reason=unstable_if action=reinterpret pc=0x00000000032e7140 method=java.io.WinNTFileSystem.normalize(Ljava/lang/String;)Ljava/lang/String; @ 128
Event: 3.711 Thread 0x0000000002cad800 Uncommon trap: reason=unstable_if action=reinterpret pc=0x00000000032f2a18 method=java.io.WinNTFileSystem.normalize(Ljava/lang/String;II)Ljava/lang/String; @ 90
Event: 4.930 Thread 0x00000000196f7000 Uncommon trap: reason=bimorphic action=maybe_recompile pc=0x0000000003326068 method=java.util.HashMap.putVal(ILjava/lang/Object;Ljava/lang/Object;ZZ)Ljava/lang/Object; @ 253
Event: 4.930 Thread 0x00000000196f7000 Uncommon trap: reason=bimorphic action=maybe_recompile pc=0x0000000003326068 method=java.util.HashMap.putVal(ILjava/lang/Object;Ljava/lang/Object;ZZ)Ljava/lang/Object; @ 253
Event: 4.930 Thread 0x00000000196f7000 Uncommon trap: reason=bimorphic action=maybe_recompile pc=0x00000000034406bc method=java.util.HashMap.putVal(ILjava/lang/Object;Ljava/lang/Object;ZZ)Ljava/lang/Object; @ 253
Event: 5.286 Thread 0x00000000196f7000 Uncommon trap: reason=class_check action=maybe_recompile pc=0x000000000326c01c method=java.util.regex.Matcher.match(II)Z @ 86
Event: 5.287 Thread 0x00000000196f7000 Uncommon trap: reason=class_check action=maybe_recompile pc=0x000000000326c01c method=java.util.regex.Matcher.match(II)Z @ 86
Event: 5.410 Thread 0x00000000196f7000 Uncommon trap: reason=unstable_if action=reinterpret pc=0x0000000003476ff4 method=java.lang.String.lastIndexOf([CII[CIII)I @ 66

Classes redefined (0 events):
No events

Internal exceptions (10 events):
Event: 4.836 Thread 0x00000000196ab800 Exception <a 'java/lang/NoSuchMethodError': <clinit>> (0x00000000e1acaa08) thrown at [D:\src\AOSP-openjdk-cygwin\jdk8u\hotspot\src\share\vm\prims\jni.cpp, line 1613]
Event: 4.842 Thread 0x00000000196ab800 Exception <a 'java/lang/NoSuchMethodError': <clinit>> (0x00000000e1af4df0) thrown at [D:\src\AOSP-openjdk-cygwin\jdk8u\hotspot\src\share\vm\prims\jni.cpp, line 1613]
Event: 4.843 Thread 0x00000000196ab800 Exception <a 'java/lang/NoSuchMethodError': <clinit>> (0x00000000e1afe448) thrown at [D:\src\AOSP-openjdk-cygwin\jdk8u\hotspot\src\share\vm\prims\jni.cpp, line 1613]
Event: 4.844 Thread 0x00000000196ab800 Exception <a 'java/lang/NoSuchMethodError': <clinit>> (0x00000000e1b08a88) thrown at [D:\src\AOSP-openjdk-cygwin\jdk8u\hotspot\src\share\vm\prims\jni.cpp, line 1613]
Event: 4.859 Thread 0x00000000196ab800 Exception <a 'java/lang/NoSuchMethodError': <clinit>> (0x00000000e1b83468) thrown at [D:\src\AOSP-openjdk-cygwin\jdk8u\hotspot\src\share\vm\prims\jni.cpp, line 1613]
Event: 4.865 Thread 0x00000000196ab800 Exception <a 'java/lang/NoSuchMethodError': <clinit>> (0x00000000e1bb6940) thrown at [D:\src\AOSP-openjdk-cygwin\jdk8u\hotspot\src\share\vm\prims\jni.cpp, line 1613]
Event: 4.867 Thread 0x00000000196ab800 Exception <a 'java/lang/NoSuchMethodError': <clinit>> (0x00000000e1bc6768) thrown at [D:\src\AOSP-openjdk-cygwin\jdk8u\hotspot\src\share\vm\prims\jni.cpp, line 1613]
Event: 4.872 Thread 0x00000000196ab800 Exception <a 'java/lang/NoSuchMethodError': <clinit>> (0x00000000e1be8148) thrown at [D:\src\AOSP-openjdk-cygwin\jdk8u\hotspot\src\share\vm\prims\jni.cpp, line 1613]
Event: 4.907 Thread 0x00000000196f7000 Exception <a 'java/lang/NoSuchMethodError': <clinit>> (0x00000000e1cddb18) thrown at [D:\src\AOSP-openjdk-cygwin\jdk8u\hotspot\src\share\vm\prims\jni.cpp, line 1613]
Event: 4.908 Thread 0x00000000196f7000 Exception <a 'java/lang/NoSuchMethodError': <clinit>> (0x00000000e1ce5da0) thrown at [D:\src\AOSP-openjdk-cygwin\jdk8u\hotspot\src\share\vm\prims\jni.cpp, line 1613]

Events (10 events):
Event: 5.830 loading class org/objectweb/asm/FieldVisitor
Event: 5.830 loading class org/objectweb/asm/FieldVisitor done
Event: 5.830 loading class org/objectweb/asm/FieldWriter
Event: 5.830 loading class org/objectweb/asm/FieldWriter done
Event: 5.832 loading class org/objectweb/asm/ByteVector
Event: 5.832 loading class org/objectweb/asm/ByteVector done
Event: 5.832 loading class org/objectweb/asm/Item
Event: 5.832 loading class org/objectweb/asm/Item done
Event: 5.835 loading class org/gradle/api/internal/AsmBackedClassGenerator$ClassBuilderImpl$1
Event: 5.835 loading class org/gradle/api/internal/AsmBackedClassGenerator$ClassBuilderImpl$1 done


Dynamic libraries:
0x00007ff6cc3a0000 - 0x00007ff6cc3d1000 	D:\TOOLS\android-studio-ide-171.4443003-windows\android-studio\jre\bin\java.exe
0x00007ff8033c0000 - 0x00007ff803592000 	C:\windows\SYSTEM32\ntdll.dll
0x00007ff802eb0000 - 0x00007ff802f5c000 	C:\windows\System32\KERNEL32.DLL
0x00007fffffb90000 - 0x00007fffffdad000 	C:\windows\System32\KERNELBASE.dll
0x00007ff802b70000 - 0x00007ff802c12000 	C:\windows\System32\ADVAPI32.dll
0x00007ff800d80000 - 0x00007ff800e1e000 	C:\windows\System32\msvcrt.dll
0x00007ff802750000 - 0x00007ff8027a9000 	C:\windows\System32\sechost.dll
0x00007ff802c90000 - 0x00007ff802db1000 	C:\windows\System32\RPCRT4.dll
0x00007ff8010d0000 - 0x00007ff801235000 	C:\windows\System32\USER32.dll
0x00007ff800080000 - 0x00007ff80009e000 	C:\windows\System32\win32u.dll
0x00007ff8032c0000 - 0x00007ff8032f4000 	C:\windows\System32\GDI32.dll
0x00007fffffe60000 - 0x00007ffffffe0000 	C:\windows\System32\gdi32full.dll
0x00007ffff3b90000 - 0x00007ffff3e0a000 	C:\windows\WinSxS\amd64_microsoft.windows.common-controls_6595b64144ccf1df_6.0.14393.953_none_42151e83c686086b\COMCTL32.dll
0x00007ff802f70000 - 0x00007ff803238000 	C:\windows\System32\combase.dll
0x00007fffff880000 - 0x00007fffff975000 	C:\windows\System32\ucrtbase.dll
0x00007fffffa30000 - 0x00007fffffa9a000 	C:\windows\System32\bcryptPrimitives.dll
0x00007ff802e20000 - 0x00007ff802e4e000 	C:\windows\System32\IMM32.DLL
0x00007fffb9230000 - 0x00007fffb92d7000 	C:\Program Files\McAfee\Host Intrusion Prevention\HcApi.dll
0x00000000581e0000 - 0x00000000581ec000 	C:\Program Files\McAfee\Host Intrusion Prevention\HcThe.dll
0x0000000056ed0000 - 0x0000000056fa2000 	D:\TOOLS\android-studio-ide-171.4443003-windows\android-studio\jre\jre\bin\msvcr100.dll
0x0000000056420000 - 0x0000000056c5e000 	D:\TOOLS\android-studio-ide-171.4443003-windows\android-studio\jre\jre\bin\server\jvm.dll
0x00007ff803240000 - 0x00007ff803248000 	C:\windows\System32\PSAPI.DLL
0x00007fffef780000 - 0x00007fffef789000 	C:\windows\SYSTEM32\WSOCK32.dll
0x00007ffffd6d0000 - 0x00007ffffd6f3000 	C:\windows\SYSTEM32\WINMM.dll
0x00007fffef790000 - 0x00007fffef79a000 	C:\windows\SYSTEM32\VERSION.dll
0x00000000014e0000 - 0x000000000150b000 	C:\windows\SYSTEM32\WINMMBASE.dll
0x00007ff803250000 - 0x00007ff8032ba000 	C:\windows\System32\WS2_32.dll
0x00007fffffaa0000 - 0x00007fffffae2000 	C:\windows\System32\cfgmgr32.dll
0x00007ffff64b0000 - 0x00007ffff64bf000 	D:\TOOLS\android-studio-ide-171.4443003-windows\android-studio\jre\jre\bin\verify.dll
0x00007ffff3ff0000 - 0x00007ffff4019000 	D:\TOOLS\android-studio-ide-171.4443003-windows\android-studio\jre\jre\bin\java.dll
0x00007ffff40e0000 - 0x00007ffff40f6000 	D:\TOOLS\android-studio-ide-171.4443003-windows\android-studio\jre\jre\bin\zip.dll
0x00007ff801240000 - 0x00007ff802749000 	C:\windows\System32\SHELL32.dll
0x00007ff8000a0000 - 0x00007ff800779000 	C:\windows\System32\windows.storage.dll
0x00007fffff830000 - 0x00007fffff87c000 	C:\windows\System32\powrprof.dll
0x00007ff802e50000 - 0x00007ff802ea2000 	C:\windows\System32\shlwapi.dll
0x00007ff800010000 - 0x00007ff80001f000 	C:\windows\System32\kernel.appcore.dll
0x00007fffff980000 - 0x00007fffffa29000 	C:\windows\System32\shcore.dll
0x00007fffff810000 - 0x00007fffff824000 	C:\windows\System32\profapi.dll
0x00007ffff3fd0000 - 0x00007ffff3fea000 	D:\TOOLS\android-studio-ide-171.4443003-windows\android-studio\jre\jre\bin\net.dll
0x00007fffff0e0000 - 0x00007fffff13c000 	C:\windows\system32\mswsock.dll
0x00007ffff3fb0000 - 0x00007ffff3fc1000 	D:\TOOLS\android-studio-ide-171.4443003-windows\android-studio\jre\jre\bin\nio.dll
0x00007ffff4db0000 - 0x00007ffff4dce000 	C:\Users\RA283478\.gradle\native\25\windows-amd64\native-platform.dll
0x00007ffffce30000 - 0x00007ffffce3d000 	D:\TOOLS\android-studio-ide-171.4443003-windows\android-studio\jre\jre\bin\management.dll
0x00007fffff280000 - 0x00007fffff297000 	C:\windows\SYSTEM32\CRYPTSP.dll
0x00007ffffe9c0000 - 0x00007ffffe9f3000 	C:\windows\system32\rsaenh.dll
0x00007fffff750000 - 0x00007fffff77b000 	C:\windows\SYSTEM32\bcrypt.dll
0x00007ffffef60000 - 0x00007ffffef7f000 	C:\windows\SYSTEM32\USERENV.dll
0x00007fffff2a0000 - 0x00007fffff2ab000 	C:\windows\SYSTEM32\CRYPTBASE.dll
0x00007ffffee60000 - 0x00007ffffee98000 	C:\windows\SYSTEM32\IPHLPAPI.DLL
0x00007ff802c80000 - 0x00007ff802c88000 	C:\windows\System32\NSI.dll
0x00007ffff8ed0000 - 0x00007ffff8ee6000 	C:\windows\SYSTEM32\dhcpcsvc6.DLL
0x00007ffff8eb0000 - 0x00007ffff8eca000 	C:\windows\SYSTEM32\dhcpcsvc.DLL

VM Arguments:
jvm_args: -Xmx1536m -Dfile.encoding=windows-1252 -Duser.country=US -Duser.language=en -Duser.variant 
java_command: org.gradle.launcher.daemon.bootstrap.GradleDaemon 4.1
java_class_path (initial): C:\Users\RA283478\.gradle\wrapper\dists\gradle-4.1-all\bzyivzo6n839fup2jbap0tjew\gradle-4.1\lib\gradle-launcher-4.1.jar
Launcher Type: SUN_STANDARD

Environment Variables:
PATH=C:\ProgramData\Oracle\Java\javapath;C:\windows\system32;C:\windows;C:\windows\System32\Wbem;C:\windows\System32\WindowsPowerShell\v1.0\;C:\Program Files\nodejs\;C:\Program Files\TortoiseSVN\bin;C:\Program Files\Git\cmd;C:\Users\RA283478\AppData\Local\Microsoft\WindowsApps;
USERNAME=RA283478
OS=Windows_NT
PROCESSOR_IDENTIFIER=Intel64 Family 6 Model 78 Stepping 3, GenuineIntel



---------------  S Y S T E M  ---------------

OS: Windows 10.0 , 64 bit Build 14393 (10.0.14393.1198)

CPU:total 4 (initial active 4) (2 cores per cpu, 2 threads per core) family 6 model 78 stepping 3, cmov, cx8, fxsr, mmx, sse, sse2, sse3, ssse3, sse4.1, sse4.2, popcnt, avx, avx2, aes, clmul, erms, 3dnowpref, lzcnt, ht, tsc, tscinvbit, bmi1, bmi2, adx

Memory: 4k page, physical 8282704k(1293088k free), swap 24026700k(636k free)

vm_info: OpenJDK 64-Bit Server VM (25.152-b01) for windows-amd64 JRE (1.8.0_152-release-915-b01), built by "builder" with MS VC++ 10.0 (VS2010)

time: Wed Feb 07 13:18:40 2018
elapsed time: 5 seconds (0d 0h 0m 5s)

